<?xml version="1.0" encoding="UTF-8" ?>
<testsuite tests="1" failures="0" name="site.ycsb.db.riak.RiakKVClientTest" time="0.385" errors="0" skipped="1">
  <properties>
[...]
</properties>
  <testcase classname="site.ycsb.db.riak.RiakKVClientTest" name="site.ycsb.db.riak.RiakKVClientTest" time="0.385">
    <skipped/>
    <system-err>SLF4J: Failed to load class &quot;org.slf4j.impl.StaticLoggerBinder&quot;.
SLF4J: Defaulting to no-operation (NOP) logger implementation
SLF4J: See http://www.slf4j.org/codes.html#StaticLoggerBinder for further details.
Jul 15, 2023 10:18:57 PM io.netty.util.internal.PlatformDependent &lt;clinit&gt;
INFO: Your platform does not provide complete low-level API for accessing direct buffers reliably. Unless explicitly requested, heap buffer will always be preferred to avoid potential system unstability.
</system-err>
  </testcase>
</testsuite>